<?xml version="1.0" encoding="UTF-8"?>
<!-- Generated by org.testng.reporters.JUnitXMLReporter -->
<testsuite ignored="0" hostname="DESKTOP-O9HHVRM" failures="0" tests="4" name="Default test" time="31.392" errors="0" timestamp="04 Feb 2022 09:31:34 GMT">
  <testcase classname="org.testng.Task" name="testcase1" time="1.155"/>
  <testcase classname="org.testng.Task" name="testcase2" time="0.712"/>
  <testcase classname="org.testng.Task" name="testcase3" time="0.946"/>
  <testcase classname="org.testng.Task" name="testcase4" time="0.817"/>
</testsuite> <!-- Default test -->
