<?xml version="1.0" encoding="UTF-8"?>
<!-- Generated by org.testng.reporters.JUnitXMLReporter -->
<testsuite ignored="0" hostname="DESKTOP-O9HHVRM" failures="0" tests="5" name="Test" time="76.827" errors="0" timestamp="03 Feb 2022 12:10:43 GMT">
  <testcase classname="org.testng.Task2" name="testcase1" time="1.017"/>
  <testcase classname="org.testng.Task" name="testcase1" time="2.729"/>
  <testcase classname="org.testng.Task" name="testcase2" time="1.198"/>
  <testcase classname="org.testng.Task" name="testcase3" time="0.892"/>
  <testcase classname="org.testng.Task" name="testcase4" time="0.703"/>
</testsuite> <!-- Test -->
