<?xml version="1.0" encoding="UTF-8"?>
<testng-results ignored="0" total="5" passed="4" failed="1" skipped="0">
  <reporter-output>
  </reporter-output>
  <suite started-at="2022-02-04T09:36:44Z" name="Suite" finished-at="2022-02-04T09:37:48Z" duration-ms="64241">
    <groups>
      <group name="Descending">
        <method signature="Task.testcase2()[pri:0, instance:org.testng.Task@272113c4]" name="testcase2" class="org.testng.Task"/>
      </group> <!-- Descending -->
      <group name="Asscending">
        <method signature="Task.testcase1()[pri:0, instance:org.testng.Task@272113c4]" name="testcase1" class="org.testng.Task"/>
      </group> <!-- Asscending -->
      <group name="Price High to Low">
        <method signature="Task.testcase4()[pri:0, instance:org.testng.Task@272113c4]" name="testcase4" class="org.testng.Task"/>
      </group> <!-- Price High to Low -->
      <group name="Price Low to High">
        <method signature="Task.testcase3()[pri:0, instance:org.testng.Task@272113c4]" name="testcase3" class="org.testng.Task"/>
      </group> <!-- Price Low to High -->
    </groups>
    <test started-at="2022-02-04T09:36:44Z" name="Test" finished-at="2022-02-04T09:37:48Z" duration-ms="64241">
      <class name="org.testng.Task2">
        <test-method is-config="true" signature="testBefore()[pri:0, instance:org.testng.Task2@783a467b]" started-at="2022-02-04T09:36:44Z" name="testBefore" finished-at="2022-02-04T09:36:58Z" duration-ms="13948" status="PASS">
          <reporter-output>
          </reporter-output>
        </test-method> <!-- testBefore -->
        <test-method signature="testcase1()[pri:0, instance:org.testng.Task2@783a467b]" started-at="2022-02-04T09:36:58Z" name="testcase1" finished-at="2022-02-04T09:37:27Z" duration-ms="29551" status="FAIL">
          <exception class="org.openqa.selenium.ElementClickInterceptedException">
            <message>
              <![CDATA[element click intercepted: Element <button class="pg-history__pagination-next" disabled="">...</button> is not clickable at point (1204, 562). Other element would receive the click: <iframe allowfullscreen="" class="intercom-borderless-frame intercom-1kd8j04 e1dl9bzv0" name="intercom-borderless-frame" title="Intercom live chat message" data-intercom-frame="true" role="modal" style="height: 230px;"></iframe>
  (Session info: chrome=98.0.4758.82)
Build info: version: '3.141.59', revision: 'e82be7d358', time: '2018-11-14T08:17:03'
System info: host: 'DESKTOP-O9HHVRM', ip: '192.168.1.5', os.name: 'Windows 10', os.arch: 'amd64', os.version: '10.0', java.version: '14.0.2'
Driver info: org.openqa.selenium.chrome.ChromeDriver
Capabilities {acceptInsecureCerts: false, browserName: chrome, browserVersion: 98.0.4758.82, chrome: {chromedriverVersion: 98.0.4758.80 (7f0488e8ba0d8..., userDataDir: C:\Users\USER\AppData\Local...}, goog:chromeOptions: {debuggerAddress: localhost:65239}, javascriptEnabled: true, networkConnectionEnabled: false, pageLoadStrategy: normal, platform: WINDOWS, platformName: WINDOWS, proxy: Proxy(), setWindowRect: true, strictFileInteractability: false, timeouts: {implicit: 0, pageLoad: 300000, script: 30000}, unhandledPromptBehavior: dismiss and notify, webauthn:extension:credBlob: true, webauthn:extension:largeBlob: true, webauthn:virtualAuthenticators: true}
Session ID: 0378985b566adf3887964b1244e144be]]>
            </message>
            <full-stacktrace>
              <![CDATA[org.openqa.selenium.ElementClickInterceptedException: element click intercepted: Element <button class="pg-history__pagination-next" disabled="">...</button> is not clickable at point (1204, 562). Other element would receive the click: <iframe allowfullscreen="" class="intercom-borderless-frame intercom-1kd8j04 e1dl9bzv0" name="intercom-borderless-frame" title="Intercom live chat message" data-intercom-frame="true" role="modal" style="height: 230px;"></iframe>
  (Session info: chrome=98.0.4758.82)
Build info: version: '3.141.59', revision: 'e82be7d358', time: '2018-11-14T08:17:03'
System info: host: 'DESKTOP-O9HHVRM', ip: '192.168.1.5', os.name: 'Windows 10', os.arch: 'amd64', os.version: '10.0', java.version: '14.0.2'
Driver info: org.openqa.selenium.chrome.ChromeDriver
Capabilities {acceptInsecureCerts: false, browserName: chrome, browserVersion: 98.0.4758.82, chrome: {chromedriverVersion: 98.0.4758.80 (7f0488e8ba0d8..., userDataDir: C:\Users\USER\AppData\Local...}, goog:chromeOptions: {debuggerAddress: localhost:65239}, javascriptEnabled: true, networkConnectionEnabled: false, pageLoadStrategy: normal, platform: WINDOWS, platformName: WINDOWS, proxy: Proxy(), setWindowRect: true, strictFileInteractability: false, timeouts: {implicit: 0, pageLoad: 300000, script: 30000}, unhandledPromptBehavior: dismiss and notify, webauthn:extension:credBlob: true, webauthn:extension:largeBlob: true, webauthn:virtualAuthenticators: true}
Session ID: 0378985b566adf3887964b1244e144be
at java.base/jdk.internal.reflect.NativeConstructorAccessorImpl.newInstance0(Native Method)
at java.base/jdk.internal.reflect.NativeConstructorAccessorImpl.newInstance(NativeConstructorAccessorImpl.java:62)
at java.base/jdk.internal.reflect.DelegatingConstructorAccessorImpl.newInstance(DelegatingConstructorAccessorImpl.java:45)
at java.base/java.lang.reflect.Constructor.newInstanceWithCaller(Constructor.java:500)
at java.base/java.lang.reflect.Constructor.newInstance(Constructor.java:481)
at org.openqa.selenium.remote.http.W3CHttpResponseCodec.createException(W3CHttpResponseCodec.java:187)
at org.openqa.selenium.remote.http.W3CHttpResponseCodec.decode(W3CHttpResponseCodec.java:122)
at org.openqa.selenium.remote.http.W3CHttpResponseCodec.decode(W3CHttpResponseCodec.java:49)
at org.openqa.selenium.remote.HttpCommandExecutor.execute(HttpCommandExecutor.java:158)
at org.openqa.selenium.remote.service.DriverCommandExecutor.execute(DriverCommandExecutor.java:83)
at org.openqa.selenium.remote.RemoteWebDriver.execute(RemoteWebDriver.java:552)
at org.openqa.selenium.remote.RemoteWebElement.execute(RemoteWebElement.java:285)
at org.openqa.selenium.remote.RemoteWebElement.click(RemoteWebElement.java:84)
at java.base/jdk.internal.reflect.NativeMethodAccessorImpl.invoke0(Native Method)
at java.base/jdk.internal.reflect.NativeMethodAccessorImpl.invoke(NativeMethodAccessorImpl.java:62)
at java.base/jdk.internal.reflect.DelegatingMethodAccessorImpl.invoke(DelegatingMethodAccessorImpl.java:43)
at java.base/java.lang.reflect.Method.invoke(Method.java:564)
at org.openqa.selenium.support.pagefactory.internal.LocatingElementHandler.invoke(LocatingElementHandler.java:51)
at com.sun.proxy.$Proxy9.click(Unknown Source)
at org.base.BaseClass.btnClick(BaseClass.java:75)
at org.pom.PomClass2.getNxtpgbtn(PomClass2.java:61)
at org.testng.Task2.testcase1(Task2.java:35)
at java.base/jdk.internal.reflect.NativeMethodAccessorImpl.invoke0(Native Method)
at java.base/jdk.internal.reflect.NativeMethodAccessorImpl.invoke(NativeMethodAccessorImpl.java:62)
at java.base/jdk.internal.reflect.DelegatingMethodAccessorImpl.invoke(DelegatingMethodAccessorImpl.java:43)
at java.base/java.lang.reflect.Method.invoke(Method.java:564)
at org.testng.internal.MethodInvocationHelper.invokeMethod(MethodInvocationHelper.java:124)
at org.testng.internal.Invoker.invokeMethod(Invoker.java:583)
at org.testng.internal.Invoker.invokeTestMethod(Invoker.java:719)
at org.testng.internal.Invoker.invokeTestMethods(Invoker.java:989)
at org.testng.internal.TestMethodWorker.invokeTestMethods(TestMethodWorker.java:125)
at org.testng.internal.TestMethodWorker.run(TestMethodWorker.java:109)
at org.testng.TestRunner.privateRun(TestRunner.java:648)
at org.testng.TestRunner.run(TestRunner.java:505)
at org.testng.SuiteRunner.runTest(SuiteRunner.java:455)
at org.testng.SuiteRunner.runSequentially(SuiteRunner.java:450)
at org.testng.SuiteRunner.privateRun(SuiteRunner.java:415)
at org.testng.SuiteRunner.run(SuiteRunner.java:364)
at org.testng.SuiteRunnerWorker.runSuite(SuiteRunnerWorker.java:52)
at org.testng.SuiteRunnerWorker.run(SuiteRunnerWorker.java:84)
at org.testng.TestNG.runSuitesSequentially(TestNG.java:1208)
at org.testng.TestNG.runSuitesLocally(TestNG.java:1137)
at org.testng.TestNG.runSuites(TestNG.java:1049)
at org.testng.TestNG.run(TestNG.java:1017)
at org.apache.maven.surefire.testng.TestNGExecutor.run(TestNGExecutor.java:283)
at org.apache.maven.surefire.testng.TestNGXmlTestSuite.execute(TestNGXmlTestSuite.java:75)
at org.apache.maven.surefire.testng.TestNGProvider.invoke(TestNGProvider.java:120)
at org.apache.maven.surefire.booter.ForkedBooter.runSuitesInProcess(ForkedBooter.java:377)
at org.apache.maven.surefire.booter.ForkedBooter.execute(ForkedBooter.java:138)
at org.apache.maven.surefire.booter.ForkedBooter.run(ForkedBooter.java:465)
at org.apache.maven.surefire.booter.ForkedBooter.main(ForkedBooter.java:451)
]]>
            </full-stacktrace>
          </exception> <!-- org.openqa.selenium.ElementClickInterceptedException -->
          <reporter-output>
          </reporter-output>
        </test-method> <!-- testcase1 -->
        <test-method is-config="true" signature="aftertest()[pri:0, instance:org.testng.Task2@783a467b]" started-at="2022-02-04T09:37:27Z" name="aftertest" finished-at="2022-02-04T09:37:28Z" duration-ms="726" status="PASS">
          <reporter-output>
          </reporter-output>
        </test-method> <!-- aftertest -->
      </class> <!-- org.testng.Task2 -->
      <class name="org.testng.Task">
        <test-method is-config="true" signature="testBefore()[pri:0, instance:org.testng.Task@272113c4]" started-at="2022-02-04T09:37:28Z" name="testBefore" finished-at="2022-02-04T09:37:32Z" duration-ms="3379" status="PASS">
          <reporter-output>
          </reporter-output>
        </test-method> <!-- testBefore -->
        <test-method signature="testcase1()[pri:0, instance:org.testng.Task@272113c4]" started-at="2022-02-04T09:37:32Z" name="testcase1" finished-at="2022-02-04T09:37:32Z" duration-ms="607" status="PASS">
          <reporter-output>
          </reporter-output>
        </test-method> <!-- testcase1 -->
        <test-method is-config="true" signature="aftertest()[pri:0, instance:org.testng.Task@272113c4]" started-at="2022-02-04T09:37:32Z" name="aftertest" finished-at="2022-02-04T09:37:33Z" duration-ms="721" status="PASS">
          <reporter-output>
          </reporter-output>
        </test-method> <!-- aftertest -->
        <test-method is-config="true" signature="testBefore()[pri:0, instance:org.testng.Task@272113c4]" started-at="2022-02-04T09:37:33Z" name="testBefore" finished-at="2022-02-04T09:37:37Z" duration-ms="3837" status="PASS">
          <reporter-output>
          </reporter-output>
        </test-method> <!-- testBefore -->
        <test-method signature="testcase2()[pri:0, instance:org.testng.Task@272113c4]" started-at="2022-02-04T09:37:37Z" name="testcase2" finished-at="2022-02-04T09:37:37Z" duration-ms="635" status="PASS">
          <reporter-output>
          </reporter-output>
        </test-method> <!-- testcase2 -->
        <test-method is-config="true" signature="aftertest()[pri:0, instance:org.testng.Task@272113c4]" started-at="2022-02-04T09:37:37Z" name="aftertest" finished-at="2022-02-04T09:37:38Z" duration-ms="740" status="PASS">
          <reporter-output>
          </reporter-output>
        </test-method> <!-- aftertest -->
        <test-method is-config="true" signature="testBefore()[pri:0, instance:org.testng.Task@272113c4]" started-at="2022-02-04T09:37:38Z" name="testBefore" finished-at="2022-02-04T09:37:42Z" duration-ms="3598" status="PASS">
          <reporter-output>
          </reporter-output>
        </test-method> <!-- testBefore -->
        <test-method signature="testcase3()[pri:0, instance:org.testng.Task@272113c4]" started-at="2022-02-04T09:37:42Z" name="testcase3" finished-at="2022-02-04T09:37:42Z" duration-ms="752" status="PASS">
          <reporter-output>
          </reporter-output>
        </test-method> <!-- testcase3 -->
        <test-method is-config="true" signature="aftertest()[pri:0, instance:org.testng.Task@272113c4]" started-at="2022-02-04T09:37:42Z" name="aftertest" finished-at="2022-02-04T09:37:43Z" duration-ms="688" status="PASS">
          <reporter-output>
          </reporter-output>
        </test-method> <!-- aftertest -->
        <test-method is-config="true" signature="testBefore()[pri:0, instance:org.testng.Task@272113c4]" started-at="2022-02-04T09:37:43Z" name="testBefore" finished-at="2022-02-04T09:37:47Z" duration-ms="3424" status="PASS">
          <reporter-output>
          </reporter-output>
        </test-method> <!-- testBefore -->
        <test-method signature="testcase4()[pri:0, instance:org.testng.Task@272113c4]" started-at="2022-02-04T09:37:47Z" name="testcase4" finished-at="2022-02-04T09:37:47Z" duration-ms="866" status="PASS">
          <reporter-output>
          </reporter-output>
        </test-method> <!-- testcase4 -->
        <test-method is-config="true" signature="aftertest()[pri:0, instance:org.testng.Task@272113c4]" started-at="2022-02-04T09:37:47Z" name="aftertest" finished-at="2022-02-04T09:37:48Z" duration-ms="730" status="PASS">
          <reporter-output>
          </reporter-output>
        </test-method> <!-- aftertest -->
      </class> <!-- org.testng.Task -->
    </test> <!-- Test -->
  </suite> <!-- Suite -->
</testng-results>
