<?xml version="1.0" encoding="UTF-8"?>
<testng-results ignored="0" total="1" passed="1" failed="0" skipped="0">
  <reporter-output>
  </reporter-output>
  <suite started-at="2022-02-02T04:16:45Z" name="Default suite" finished-at="2022-02-02T04:17:09Z" duration-ms="23990">
    <groups>
    </groups>
    <test started-at="2022-02-02T04:16:45Z" name="Default test" finished-at="2022-02-02T04:17:09Z" duration-ms="23990">
      <class name="org.testng.Task2">
        <test-method is-config="true" signature="testBefore()[pri:0, instance:org.testng.Task2@60b4beb4]" started-at="2022-02-02T04:16:45Z" name="testBefore" finished-at="2022-02-02T04:17:00Z" duration-ms="14274" status="PASS">
          <reporter-output>
          </reporter-output>
        </test-method> <!-- testBefore -->
        <test-method signature="testcase1()[pri:0, instance:org.testng.Task2@60b4beb4]" started-at="2022-02-02T04:17:00Z" name="testcase1" finished-at="2022-02-02T04:17:09Z" duration-ms="9699" status="PASS">
          <reporter-output>
          </reporter-output>
        </test-method> <!-- testcase1 -->
      </class> <!-- org.testng.Task2 -->
    </test> <!-- Default test -->
  </suite> <!-- Default suite -->
</testng-results>
