<?xml version="1.0" encoding="UTF-8"?>
<testng-results ignored="0" total="1" passed="1" failed="0" skipped="0">
  <reporter-output>
  </reporter-output>
  <suite started-at="2022-02-03T13:55:29Z" name="Default suite" finished-at="2022-02-03T13:56:10Z" duration-ms="40753">
    <groups>
    </groups>
    <test started-at="2022-02-03T13:55:29Z" name="Default test" finished-at="2022-02-03T13:56:10Z" duration-ms="40753">
      <class name="org.testng.Task2">
        <test-method is-config="true" signature="testBefore()[pri:0, instance:org.testng.Task2@4196c360]" started-at="2022-02-03T13:55:29Z" name="testBefore" finished-at="2022-02-03T13:55:53Z" duration-ms="24188" status="PASS">
          <reporter-output>
          </reporter-output>
        </test-method> <!-- testBefore -->
        <test-method signature="testcase1()[pri:0, instance:org.testng.Task2@4196c360]" started-at="2022-02-03T13:55:53Z" name="testcase1" finished-at="2022-02-03T13:56:10Z" duration-ms="16535" status="PASS">
          <reporter-output>
          </reporter-output>
        </test-method> <!-- testcase1 -->
      </class> <!-- org.testng.Task2 -->
    </test> <!-- Default test -->
  </suite> <!-- Default suite -->
</testng-results>
